0 info it worked if it ends with ok
1 verbose cli [ '/Users/TROCAUSER/.nvm/v0.10.48/bin/node',
1 verbose cli   '/Users/TROCAUSER/.nvm/v0.10.48/bin/npm',
1 verbose cli   'run',
1 verbose cli   'code-1' ]
2 info using npm@2.15.1
3 info using node@v0.10.48
4 verbose run-script [ 'precode-1', 'code-1', 'postcode-1' ]
5 info precode-1 rxjs-techtime@1.0.0
6 info code-1 rxjs-techtime@1.0.0
7 verbose unsafe-perm in lifecycle true
8 info rxjs-techtime@1.0.0 Failed to exec code-1 script
9 verbose stack Error: rxjs-techtime@1.0.0 code-1: `node code-1`
9 verbose stack Exit status 8
9 verbose stack     at EventEmitter.<anonymous> (/Users/TROCAUSER/.nvm/v0.10.48/lib/node_modules/npm/lib/utils/lifecycle.js:217:16)
9 verbose stack     at EventEmitter.emit (events.js:98:17)
9 verbose stack     at ChildProcess.<anonymous> (/Users/TROCAUSER/.nvm/v0.10.48/lib/node_modules/npm/lib/utils/spawn.js:24:14)
9 verbose stack     at ChildProcess.emit (events.js:98:17)
9 verbose stack     at maybeClose (child_process.js:766:16)
9 verbose stack     at Process.ChildProcess._handle.onexit (child_process.js:833:5)
10 verbose pkgid rxjs-techtime@1.0.0
11 verbose cwd /Users/TROCAUSER/dev/rxjs-techtime
12 error Darwin 16.7.0
13 error argv "/Users/TROCAUSER/.nvm/v0.10.48/bin/node" "/Users/TROCAUSER/.nvm/v0.10.48/bin/npm" "run" "code-1"
14 error node v0.10.48
15 error npm  v2.15.1
16 error code ELIFECYCLE
17 error rxjs-techtime@1.0.0 code-1: `node code-1`
17 error Exit status 8
18 error Failed at the rxjs-techtime@1.0.0 code-1 script 'node code-1'.
18 error This is most likely a problem with the rxjs-techtime package,
18 error not with npm itself.
18 error Tell the author that this fails on your system:
18 error     node code-1
18 error You can get information on how to open an issue for this project with:
18 error     npm bugs rxjs-techtime
18 error Or if that isn't available, you can get their info via:
18 error
18 error     npm owner ls rxjs-techtime
18 error There is likely additional logging output above.
19 verbose exit [ 1, true ]
